[debug] [2021-08-30T02:46:14.266Z] ----------------------------------------------------------------------
[debug] [2021-08-30T02:46:14.268Z] Command:       /home/aac-devs/.nvm/versions/node/v16.3.0/bin/node /home/aac-devs/.nvm/versions/node/v16.3.0/bin/firebase emulators:start
[debug] [2021-08-30T02:46:14.269Z] CLI Version:   9.16.5
[debug] [2021-08-30T02:46:14.269Z] Platform:      linux
[debug] [2021-08-30T02:46:14.269Z] Node Version:  v16.3.0
[debug] [2021-08-30T02:46:14.353Z] Time:          Sun Aug 29 2021 23:46:14 GMT-0300 (hora estándar de Argentina)
[debug] [2021-08-30T02:46:14.354Z] ----------------------------------------------------------------------
[debug] 
[debug] [2021-08-30T02:46:14.545Z] > command requires scopes: ["email","openid","https://www.googleapis.com/auth/cloudplatformprojects.readonly","https://www.googleapis.com/auth/firebase","https://www.googleapis.com/auth/cloud-platform"]
[debug] [2021-08-30T02:46:14.545Z] > authorizing via signed-in user (aac.devs@gmail.com)
[info] i  emulators: Starting emulators: auth, database {"metadata":{"emulator":{"name":"hub"},"message":"Starting emulators: auth, database"}}
[debug] [2021-08-30T02:46:14.573Z] [hub] writing locator at /tmp/hub-client-37115.json
[debug] [2021-08-30T02:46:14.615Z] > refreshing access token with scopes: []
[debug] [2021-08-30T02:46:14.617Z] >>> HTTP REQUEST POST https://www.googleapis.com/oauth2/v3/token  
 <request body omitted>
[debug] [2021-08-30T02:46:14.754Z] <<< HTTP RESPONSE 200 {"date":"Mon, 30 Aug 2021 02:46:14 GMT","expires":"Mon, 01 Jan 1990 00:00:00 GMT","cache-control":"no-cache, no-store, max-age=0, must-revalidate","pragma":"no-cache","content-type":"application/json; charset=utf-8","vary":"X-Origin, Referer, Origin,Accept-Encoding","server":"scaffolding on HTTPServer2","x-xss-protection":"0","x-frame-options":"SAMEORIGIN","x-content-type-options":"nosniff","alt-svc":"h3=\":443\"; ma=2592000,h3-29=\":443\"; ma=2592000,h3-T051=\":443\"; ma=2592000,h3-Q050=\":443\"; ma=2592000,h3-Q046=\":443\"; ma=2592000,h3-Q043=\":443\"; ma=2592000,quic=\":443\"; ma=2592000; v=\"46,43\"","accept-ranges":"none","transfer-encoding":"chunked"}
[debug] [2021-08-30T02:46:14.889Z] >>> [apiv2][query] GET https://firebase.googleapis.com/v1beta1/projects/client-37115 [none]
[debug] [2021-08-30T02:46:15.260Z] <<< [apiv2][status] GET https://firebase.googleapis.com/v1beta1/projects/client-37115 200
[debug] [2021-08-30T02:46:15.261Z] <<< [apiv2][body] GET https://firebase.googleapis.com/v1beta1/projects/client-37115 {"projectId":"client-37115","projectNumber":"1013765138717","displayName":"youtube-client","name":"projects/client-37115","resources":{"hostingSite":"client-37115","realtimeDatabaseInstance":"client-37115-default-rtdb","storageBucket":"client-37115.appspot.com","locationId":"us-central"},"state":"ACTIVE"}
[debug] [2021-08-30T02:46:15.262Z] database rules config:  []
[warn] ⚠  database: Did not find a Realtime Database rules file specified in a firebase.json config file. The emulator will default to allowing all reads and writes. Learn more about this option: https://firebase.google.com/docs/emulator-suite/install_and_configure#security_rules_configuration. {"metadata":{"emulator":{"name":"database"},"message":"Did not find a Realtime Database rules file specified in a firebase.json config file. The emulator will default to allowing all reads and writes. Learn more about this option: https://firebase.google.com/docs/emulator-suite/install_and_configure#security_rules_configuration."}}
[debug] [2021-08-30T02:46:15.297Z] Ignoring unsupported arg: projectId {"metadata":{"emulator":{"name":"database"},"message":"Ignoring unsupported arg: projectId"}}
[debug] [2021-08-30T02:46:15.297Z] Ignoring unsupported arg: auto_download {"metadata":{"emulator":{"name":"database"},"message":"Ignoring unsupported arg: auto_download"}}
[debug] [2021-08-30T02:46:15.297Z] Ignoring unsupported arg: rules {"metadata":{"emulator":{"name":"database"},"message":"Ignoring unsupported arg: rules"}}
[debug] [2021-08-30T02:46:15.298Z] Starting Database Emulator with command {"binary":"java","args":["-Duser.language=en","-jar","/home/aac-devs/.cache/firebase/emulators/firebase-database-emulator-v4.7.2.jar","--host","localhost","--port",9000],"optionalArgs":["port","host","functions_emulator_port","functions_emulator_host"],"joinArgs":false} {"metadata":{"emulator":{"name":"database"},"message":"Starting Database Emulator with command {\"binary\":\"java\",\"args\":[\"-Duser.language=en\",\"-jar\",\"/home/aac-devs/.cache/firebase/emulators/firebase-database-emulator-v4.7.2.jar\",\"--host\",\"localhost\",\"--port\",9000],\"optionalArgs\":[\"port\",\"host\",\"functions_emulator_port\",\"functions_emulator_host\"],\"joinArgs\":false}"}}
[info] i  database: Database Emulator logging to database-debug.log {"metadata":{"emulator":{"name":"database"},"message":"Database Emulator logging to \u001b[1mdatabase-debug.log\u001b[22m"}}
[debug] [2021-08-30T02:46:22.527Z] WARNING: An illegal reflective access operation has occurred
WARNING: Illegal reflective access by io.netty.util.internal.ReflectionUtil (file:/home/aac-devs/.cache/firebase/emulators/firebase-database-emulator-v4.7.2.jar) to field sun.nio.ch.SelectorImpl.selectedKeys
WARNING: Please consider reporting this to the maintainers of io.netty.util.internal.ReflectionUtil
WARNING: Use --illegal-access=warn to enable warnings of further illegal reflective access operations
WARNING: All illegal access operations will be denied in a future release {"metadata":{"emulator":{"name":"database"},"message":"WARNING: An illegal reflective access operation has occurred\nWARNING: Illegal reflective access by io.netty.util.internal.ReflectionUtil (file:/home/aac-devs/.cache/firebase/emulators/firebase-database-emulator-v4.7.2.jar) to field sun.nio.ch.SelectorImpl.selectedKeys\nWARNING: Please consider reporting this to the maintainers of io.netty.util.internal.ReflectionUtil\nWARNING: Use --illegal-access=warn to enable warnings of further illegal reflective access operations\nWARNING: All illegal access operations will be denied in a future release"}}
[debug] [2021-08-30T02:46:22.529Z] 
 {"metadata":{"emulator":{"name":"database"},"message":"\n"}}
[debug] [2021-08-30T02:46:26.335Z] 23:46:26.330 [NamespaceSystem-akka.actor.default-dispatcher-5] INFO akka.event.slf4j.Slf4jLogger - Slf4jLogger started
 {"metadata":{"emulator":{"name":"database"},"message":"23:46:26.330 [NamespaceSystem-akka.actor.default-dispatcher-5] INFO akka.event.slf4j.Slf4jLogger - Slf4jLogger started\n"}}
[debug] [2021-08-30T02:46:27.474Z] 23:46:27.473 [main] INFO com.firebase.server.forge.App$ - Listening at localhost:9000
 {"metadata":{"emulator":{"name":"database"},"message":"23:46:27.473 [main] INFO com.firebase.server.forge.App$ - Listening at localhost:9000\n"}}
[debug] [2021-08-30T02:46:31.051Z] Ignoring unsupported arg: auto_download {"metadata":{"emulator":{"name":"ui"},"message":"Ignoring unsupported arg: auto_download"}}
[debug] [2021-08-30T02:46:31.051Z] Ignoring unsupported arg: port {"metadata":{"emulator":{"name":"ui"},"message":"Ignoring unsupported arg: port"}}
[debug] [2021-08-30T02:46:31.051Z] Starting Emulator UI with command {"binary":"node","args":["/home/aac-devs/.cache/firebase/emulators/ui-v1.6.2/server.bundle.js"],"optionalArgs":[],"joinArgs":false} {"metadata":{"emulator":{"name":"ui"},"message":"Starting Emulator UI with command {\"binary\":\"node\",\"args\":[\"/home/aac-devs/.cache/firebase/emulators/ui-v1.6.2/server.bundle.js\"],\"optionalArgs\":[],\"joinArgs\":false}"}}
[info] i  ui: Emulator UI logging to ui-debug.log {"metadata":{"emulator":{"name":"ui"},"message":"Emulator UI logging to \u001b[1mui-debug.log\u001b[22m"}}
[debug] [2021-08-30T02:46:31.227Z] Web / API server started at localhost:4000
 {"metadata":{"emulator":{"name":"ui"},"message":"Web / API server started at localhost:4000\n"}}
[info] 
┌─────────────────────────────────────────────────────────────┐
│ ✔  All emulators ready! It is now safe to connect your app. │
│ i  View Emulator UI at http://localhost:4000                │
└─────────────────────────────────────────────────────────────┘

┌────────────────┬────────────────┬────────────────────────────────┐
│ Emulator       │ Host:Port      │ View in Emulator UI            │
├────────────────┼────────────────┼────────────────────────────────┤
│ Authentication │ localhost:9099 │ http://localhost:4000/auth     │
├────────────────┼────────────────┼────────────────────────────────┤
│ Database       │ localhost:9000 │ http://localhost:4000/database │
└────────────────┴────────────────┴────────────────────────────────┘
  Emulator Hub running at localhost:4400
  Other reserved ports: 4500

Issues? Report them at https://github.com/firebase/firebase-tools/issues and attach the *-debug.log files.
 
[debug] [2021-08-30T06:30:34.816Z] d [FetchError]: request to http://localhost:4400/emulators failed, reason: connect ECONNREFUSED ::1:4400
    at ClientRequest.<anonymous> (/home/aac-devs/.cache/firebase/emulators/ui-v1.6.2/server.bundle.js:326:16791)
    at ClientRequest.emit (node:events:394:28)
    at Socket.socketErrorListener (node:_http_client:447:9)
    at Socket.emit (node:events:394:28)
    at emitErrorNT (node:internal/streams/destroy:193:8)
    at emitErrorCloseNT (node:internal/streams/destroy:158:3)
    at processTicksAndRejections (node:internal/process/task_queues:83:21) {
  type: 'system',
  errno: 'ECONNREFUSED',
  code: 'ECONNREFUSED'
}
 {"metadata":{"emulator":{"name":"ui"},"message":"d [FetchError]: request to http://localhost:4400/emulators failed, reason: connect ECONNREFUSED ::1:4400\n    at ClientRequest.<anonymous> (/home/aac-devs/.cache/firebase/emulators/ui-v1.6.2/server.bundle.js:326:16791)\n    at ClientRequest.emit (node:events:394:28)\n    at Socket.socketErrorListener (node:_http_client:447:9)\n    at Socket.emit (node:events:394:28)\n    at emitErrorNT (node:internal/streams/destroy:193:8)\n    at emitErrorCloseNT (node:internal/streams/destroy:158:3)\n    at processTicksAndRejections (node:internal/process/task_queues:83:21) {\n  type: 'system',\n  errno: 'ECONNREFUSED',\n  code: 'ECONNREFUSED'\n}\n"}}
[debug] [2021-08-30T06:30:35.226Z] d [FetchError]: request to http://localhost:4400/emulators failed, reason: connect ECONNREFUSED ::1:4400
    at ClientRequest.<anonymous> (/home/aac-devs/.cache/firebase/emulators/ui-v1.6.2/server.bundle.js:326:16791)
    at ClientRequest.emit (node:events:394:28)
    at Socket.socketErrorListener (node:_http_client:447:9)
    at Socket.emit (node:events:394:28)
    at emitErrorNT (node:internal/streams/destroy:193:8)
    at emitErrorCloseNT (node:internal/streams/destroy:158:3)
    at processTicksAndRejections (node:internal/process/task_queues:83:21) {
  type: 'system',
  errno: 'ECONNREFUSED',
  code: 'ECONNREFUSED'
}
 {"metadata":{"emulator":{"name":"ui"},"message":"d [FetchError]: request to http://localhost:4400/emulators failed, reason: connect ECONNREFUSED ::1:4400\n    at ClientRequest.<anonymous> (/home/aac-devs/.cache/firebase/emulators/ui-v1.6.2/server.bundle.js:326:16791)\n    at ClientRequest.emit (node:events:394:28)\n    at Socket.socketErrorListener (node:_http_client:447:9)\n    at Socket.emit (node:events:394:28)\n    at emitErrorNT (node:internal/streams/destroy:193:8)\n    at emitErrorCloseNT (node:internal/streams/destroy:158:3)\n    at processTicksAndRejections (node:internal/process/task_queues:83:21) {\n  type: 'system',\n  errno: 'ECONNREFUSED',\n  code: 'ECONNREFUSED'\n}\n"}}
[debug] [2021-08-30T06:30:36.859Z] d [FetchError]: request to http://localhost:4400/emulators failed, reason: connect ECONNREFUSED ::1:4400
    at ClientRequest.<anonymous> (/home/aac-devs/.cache/firebase/emulators/ui-v1.6.2/server.bundle.js:326:16791)
    at ClientRequest.emit (node:events:394:28)
    at Socket.socketErrorListener (node:_http_client:447:9)
    at Socket.emit (node:events:394:28)
    at emitErrorNT (node:internal/streams/destroy:193:8)
    at emitErrorCloseNT (node:internal/streams/destroy:158:3)
    at processTicksAndRejections (node:internal/process/task_queues:83:21) {
  type: 'system',
  errno: 'ECONNREFUSED',
  code: 'ECONNREFUSED'
}
 {"metadata":{"emulator":{"name":"ui"},"message":"d [FetchError]: request to http://localhost:4400/emulators failed, reason: connect ECONNREFUSED ::1:4400\n    at ClientRequest.<anonymous> (/home/aac-devs/.cache/firebase/emulators/ui-v1.6.2/server.bundle.js:326:16791)\n    at ClientRequest.emit (node:events:394:28)\n    at Socket.socketErrorListener (node:_http_client:447:9)\n    at Socket.emit (node:events:394:28)\n    at emitErrorNT (node:internal/streams/destroy:193:8)\n    at emitErrorCloseNT (node:internal/streams/destroy:158:3)\n    at processTicksAndRejections (node:internal/process/task_queues:83:21) {\n  type: 'system',\n  errno: 'ECONNREFUSED',\n  code: 'ECONNREFUSED'\n}\n"}}
[debug] [2021-08-30T06:30:36.886Z] d [FetchError]: request to http://localhost:4400/emulators failed, reason: connect ECONNREFUSED ::1:4400
    at ClientRequest.<anonymous> (/home/aac-devs/.cache/firebase/emulators/ui-v1.6.2/server.bundle.js:326:16791)
    at ClientRequest.emit (node:events:394:28)
    at Socket.socketErrorListener (node:_http_client:447:9)
    at Socket.emit (node:events:394:28)
    at emitErrorNT (node:internal/streams/destroy:193:8)
    at emitErrorCloseNT (node:internal/streams/destroy:158:3)
    at processTicksAndRejections (node:internal/process/task_queues:83:21) {
  type: 'system',
  errno: 'ECONNREFUSED',
  code: 'ECONNREFUSED'
}
 {"metadata":{"emulator":{"name":"ui"},"message":"d [FetchError]: request to http://localhost:4400/emulators failed, reason: connect ECONNREFUSED ::1:4400\n    at ClientRequest.<anonymous> (/home/aac-devs/.cache/firebase/emulators/ui-v1.6.2/server.bundle.js:326:16791)\n    at ClientRequest.emit (node:events:394:28)\n    at Socket.socketErrorListener (node:_http_client:447:9)\n    at Socket.emit (node:events:394:28)\n    at emitErrorNT (node:internal/streams/destroy:193:8)\n    at emitErrorCloseNT (node:internal/streams/destroy:158:3)\n    at processTicksAndRejections (node:internal/process/task_queues:83:21) {\n  type: 'system',\n  errno: 'ECONNREFUSED',\n  code: 'ECONNREFUSED'\n}\n"}}
[debug] [2021-08-30T06:30:37.243Z] d [FetchError]: request to http://localhost:4400/emulators failed, reason: connect ECONNREFUSED ::1:4400
    at ClientRequest.<anonymous> (/home/aac-devs/.cache/firebase/emulators/ui-v1.6.2/server.bundle.js:326:16791)
    at ClientRequest.emit (node:events:394:28)
    at Socket.socketErrorListener (node:_http_client:447:9)
    at Socket.emit (node:events:394:28)
    at emitErrorNT (node:internal/streams/destroy:193:8)
    at emitErrorCloseNT (node:internal/streams/destroy:158:3)
    at processTicksAndRejections (node:internal/process/task_queues:83:21) {
  type: 'system',
  errno: 'ECONNREFUSED',
  code: 'ECONNREFUSED'
}
 {"metadata":{"emulator":{"name":"ui"},"message":"d [FetchError]: request to http://localhost:4400/emulators failed, reason: connect ECONNREFUSED ::1:4400\n    at ClientRequest.<anonymous> (/home/aac-devs/.cache/firebase/emulators/ui-v1.6.2/server.bundle.js:326:16791)\n    at ClientRequest.emit (node:events:394:28)\n    at Socket.socketErrorListener (node:_http_client:447:9)\n    at Socket.emit (node:events:394:28)\n    at emitErrorNT (node:internal/streams/destroy:193:8)\n    at emitErrorCloseNT (node:internal/streams/destroy:158:3)\n    at processTicksAndRejections (node:internal/process/task_queues:83:21) {\n  type: 'system',\n  errno: 'ECONNREFUSED',\n  code: 'ECONNREFUSED'\n}\n"}}
[debug] [2021-08-30T06:30:37.259Z] d [FetchError]: request to http://localhost:4400/emulators failed, reason: connect ECONNREFUSED ::1:4400
    at ClientRequest.<anonymous> (/home/aac-devs/.cache/firebase/emulators/ui-v1.6.2/server.bundle.js:326:16791)
    at ClientRequest.emit (node:events:394:28)
    at Socket.socketErrorListener (node:_http_client:447:9)
    at Socket.emit (node:events:394:28)
    at emitErrorNT (node:internal/streams/destroy:193:8)
    at emitErrorCloseNT (node:internal/streams/destroy:158:3)
    at processTicksAndRejections (node:internal/process/task_queues:83:21) {
  type: 'system',
  errno: 'ECONNREFUSED',
  code: 'ECONNREFUSED'
}
 {"metadata":{"emulator":{"name":"ui"},"message":"d [FetchError]: request to http://localhost:4400/emulators failed, reason: connect ECONNREFUSED ::1:4400\n    at ClientRequest.<anonymous> (/home/aac-devs/.cache/firebase/emulators/ui-v1.6.2/server.bundle.js:326:16791)\n    at ClientRequest.emit (node:events:394:28)\n    at Socket.socketErrorListener (node:_http_client:447:9)\n    at Socket.emit (node:events:394:28)\n    at emitErrorNT (node:internal/streams/destroy:193:8)\n    at emitErrorCloseNT (node:internal/streams/destroy:158:3)\n    at processTicksAndRejections (node:internal/process/task_queues:83:21) {\n  type: 'system',\n  errno: 'ECONNREFUSED',\n  code: 'ECONNREFUSED'\n}\n"}}
