Web / API server started at localhost:4000
d [FetchError]: request to http://localhost:4400/emulators failed, reason: connect ECONNREFUSED ::1:4400
    at ClientRequest.<anonymous> (/home/aac-devs/.cache/firebase/emulators/ui-v1.6.2/server.bundle.js:326:16791)
    at ClientRequest.emit (node:events:394:28)
    at Socket.socketErrorListener (node:_http_client:447:9)
    at Socket.emit (node:events:394:28)
    at emitErrorNT (node:internal/streams/destroy:193:8)
    at emitErrorCloseNT (node:internal/streams/destroy:158:3)
    at processTicksAndRejections (node:internal/process/task_queues:83:21) {
  type: 'system',
  errno: 'ECONNREFUSED',
  code: 'ECONNREFUSED'
}
d [FetchError]: request to http://localhost:4400/emulators failed, reason: connect ECONNREFUSED ::1:4400
    at ClientRequest.<anonymous> (/home/aac-devs/.cache/firebase/emulators/ui-v1.6.2/server.bundle.js:326:16791)
    at ClientRequest.emit (node:events:394:28)
    at Socket.socketErrorListener (node:_http_client:447:9)
    at Socket.emit (node:events:394:28)
    at emitErrorNT (node:internal/streams/destroy:193:8)
    at emitErrorCloseNT (node:internal/streams/destroy:158:3)
    at processTicksAndRejections (node:internal/process/task_queues:83:21) {
  type: 'system',
  errno: 'ECONNREFUSED',
  code: 'ECONNREFUSED'
}
d [FetchError]: request to http://localhost:4400/emulators failed, reason: connect ECONNREFUSED ::1:4400
    at ClientRequest.<anonymous> (/home/aac-devs/.cache/firebase/emulators/ui-v1.6.2/server.bundle.js:326:16791)
    at ClientRequest.emit (node:events:394:28)
    at Socket.socketErrorListener (node:_http_client:447:9)
    at Socket.emit (node:events:394:28)
    at emitErrorNT (node:internal/streams/destroy:193:8)
    at emitErrorCloseNT (node:internal/streams/destroy:158:3)
    at processTicksAndRejections (node:internal/process/task_queues:83:21) {
  type: 'system',
  errno: 'ECONNREFUSED',
  code: 'ECONNREFUSED'
}
d [FetchError]: request to http://localhost:4400/emulators failed, reason: connect ECONNREFUSED ::1:4400
    at ClientRequest.<anonymous> (/home/aac-devs/.cache/firebase/emulators/ui-v1.6.2/server.bundle.js:326:16791)
    at ClientRequest.emit (node:events:394:28)
    at Socket.socketErrorListener (node:_http_client:447:9)
    at Socket.emit (node:events:394:28)
    at emitErrorNT (node:internal/streams/destroy:193:8)
    at emitErrorCloseNT (node:internal/streams/destroy:158:3)
    at processTicksAndRejections (node:internal/process/task_queues:83:21) {
  type: 'system',
  errno: 'ECONNREFUSED',
  code: 'ECONNREFUSED'
}
d [FetchError]: request to http://localhost:4400/emulators failed, reason: connect ECONNREFUSED ::1:4400
    at ClientRequest.<anonymous> (/home/aac-devs/.cache/firebase/emulators/ui-v1.6.2/server.bundle.js:326:16791)
    at ClientRequest.emit (node:events:394:28)
    at Socket.socketErrorListener (node:_http_client:447:9)
    at Socket.emit (node:events:394:28)
    at emitErrorNT (node:internal/streams/destroy:193:8)
    at emitErrorCloseNT (node:internal/streams/destroy:158:3)
    at processTicksAndRejections (node:internal/process/task_queues:83:21) {
  type: 'system',
  errno: 'ECONNREFUSED',
  code: 'ECONNREFUSED'
}
d [FetchError]: request to http://localhost:4400/emulators failed, reason: connect ECONNREFUSED ::1:4400
    at ClientRequest.<anonymous> (/home/aac-devs/.cache/firebase/emulators/ui-v1.6.2/server.bundle.js:326:16791)
    at ClientRequest.emit (node:events:394:28)
    at Socket.socketErrorListener (node:_http_client:447:9)
    at Socket.emit (node:events:394:28)
    at emitErrorNT (node:internal/streams/destroy:193:8)
    at emitErrorCloseNT (node:internal/streams/destroy:158:3)
    at processTicksAndRejections (node:internal/process/task_queues:83:21) {
  type: 'system',
  errno: 'ECONNREFUSED',
  code: 'ECONNREFUSED'
}
